Arguments: 
  /home/jorder/.config/nvm/versions/node/v12.18.2/bin/node /usr/share/yarn/bin/yarn.js add @react-navigation/native

PATH: 
  /home/jorder/.local/bin:/home/jorder/.config/nvm/versions/node/v12.18.2/bin:/home/jorder/anaconda3/bin:/home/jorder/anaconda3/condabin:/home/jorder/.local/bin:/usr/local/sbin:/usr/local/bin:/usr/sbin:/usr/bin:/sbin:/bin:/usr/games:/usr/local/games:/snap/bin

Yarn version: 
  1.22.4

Node version: 
  12.18.2

Platform: 
  linux x64

Trace: 
  Error: connect ENETUNREACH 2606:4700::6810:1623:443 - Local (:::0)
      at internalConnect (net.js:923:16)
      at defaultTriggerAsyncIdScope (internal/async_hooks.js:323:12)
      at emitLookup (net.js:1063:9)
      at /usr/share/yarn/lib/cli.js:107542:29
      at /usr/share/yarn/lib/cli.js:107388:25
      at RawTask.module.exports.RawTask.call (/usr/share/yarn/lib/cli.js:83613:19)
      at flush (/usr/share/yarn/lib/cli.js:83695:29)
      at processTicksAndRejections (internal/process/task_queues.js:79:11)

npm manifest: 
  {
    "main": "node_modules/expo/AppEntry.js",
    "scripts": {
      "start": "expo start",
      "android": "expo start --android",
      "ios": "expo start --ios",
      "web": "expo start --web",
      "eject": "expo eject"
    },
    "dependencies": {
      "@expo-google-fonts/archivo": "^0.1.0",
      "@expo-google-fonts/poppins": "^0.1.0",
      "expo": "~38.0.8",
      "expo-font": "~8.2.1",
      "expo-status-bar": "^1.0.2",
      "react": "~16.11.0",
      "react-dom": "~16.11.0",
      "react-native": "https://github.com/expo/react-native/archive/sdk-38.0.2.tar.gz",
      "react-native-web": "~0.11.7"
    },
    "devDependencies": {
      "@babel/core": "^7.8.6",
      "@types/react": "~16.9.41",
      "@types/react-native": "~0.62.13",
      "typescript": "~3.9.5"
    },
    "private": true
  }

yarn manifest: 
  No manifest

Lockfile: 
  No lockfile
